TN:
SF:script/DeployInterim.s.sol
DA:19,0
FN:19,DeployInterim.setUp
FNDA:0,DeployInterim.setUp
DA:21,0
FN:21,DeployInterim.addressToBytes32
FNDA:0,DeployInterim.addressToBytes32
DA:22,0
DA:25,0
FN:25,DeployInterim.bytes32ToAddress
FNDA:0,DeployInterim.bytes32ToAddress
DA:26,0
DA:29,0
FN:29,DeployInterim.run
FNDA:0,DeployInterim.run
DA:30,0
DA:31,0
DA:32,0
DA:35,0
DA:36,0
DA:39,0
DA:40,0
DA:41,0
DA:42,0
DA:43,0
DA:44,0
DA:46,0
DA:47,0
DA:48,0
DA:50,0
DA:65,0
DA:73,0
DA:76,0
DA:86,0
DA:87,0
DA:90,0
DA:91,0
DA:92,0
DA:94,0
DA:95,0
DA:98,0
DA:99,0
DA:100,0
DA:103,0
DA:114,0
DA:116,0
FNF:4
FNH:0
LF:37
LH:0
BRF:0
BRH:0
end_of_record
TN:
SF:script/DeployTest.s.sol
DA:11,0
FN:11,DeployTest.setUp
FNDA:0,DeployTest.setUp
DA:13,0
FN:13,DeployTest.run
FNDA:0,DeployTest.run
DA:14,0
DA:15,0
DA:19,0
FNF:2
FNH:0
LF:5
LH:0
BRF:0
BRH:0
end_of_record
TN:
SF:script/StressTest.s.sol
DA:35,0
FN:35,Contracts.broadcast_TestKey
FNDA:0,Contracts.broadcast_TestKey
DA:36,0
DA:37,0
DA:39,0
DA:45,0
FN:45,DeployContracts.run
FNDA:0,DeployContracts.run
DA:48,0
DA:50,0
DA:51,0
DA:52,0
DA:55,0
DA:56,0
DA:57,0
DA:58,0
DA:59,0
DA:60,0
DA:61,0
DA:62,0
DA:64,0
DA:70,0
DA:73,0
DA:75,0
DA:78,0
DA:91,0
DA:92,0
DA:93,0
DA:94,0
DA:95,0
DA:96,0
DA:97,0
DA:100,0
DA:101,0
DA:102,0
DA:105,0
DA:106,0
DA:107,0
DA:109,0
DA:110,0
DA:111,0
DA:112,0
DA:113,0
DA:138,0
FN:138,DeployedContracts.broadcast_TestKey
FNDA:0,DeployedContracts.broadcast_TestKey
DA:139,0
DA:140,0
DA:142,0
DA:148,0
FN:148,CreateVault.run
FNDA:0,CreateVault.run
DA:150,0
DA:151,0
DA:152,0
DA:153,0
DA:154,0
DA:155,0
DA:156,0
DA:169,0
FN:169,SetupDistributions.addressToBytes32
FNDA:0,SetupDistributions.addressToBytes32
DA:170,0
DA:173,0
FN:173,SetupDistributions.bytes32ToAddress
FNDA:0,SetupDistributions.bytes32ToAddress
DA:174,0
DA:177,0
FN:177,SetupDistributions.setupDistributionAndDeposit
FNDA:0,SetupDistributions.setupDistributionAndDeposit
DA:179,0
DA:182,0
DA:183,0
DA:184,0
DA:186,0
DA:187,0
DA:189,0
DA:200,0
DA:202,0
DA:205,0
FN:205,SetupDistributions.stakeTokens
FNDA:0,SetupDistributions.stakeTokens
DA:206,0
DA:209,0
FN:209,SetupDistributions.loop
FNDA:0,SetupDistributions.loop
DA:212,0
DA:213,0
DA:215,0
DA:217,0
DA:219,0
BRDA:219,0,0,-
BRDA:219,0,1,-
DA:220,0
DA:223,0
DA:224,0
DA:228,0
DA:229,0
DA:230,0
DA:235,0
FN:235,SetupDistributions.run
FNDA:0,SetupDistributions.run
DA:236,0
DA:237,0
DA:239,0
DA:240,0
FNF:10
FNH:0
LF:85
LH:0
BRF:2
BRH:0
end_of_record
TN:
SF:src/EvmVault.sol
DA:43,0
FN:43,EVMVault.constructor
FNDA:0,EVMVault.constructor
DA:44,0
DA:51,0
FN:51,EVMVault.deposit
FNDA:0,EVMVault.deposit
DA:52,0
BRDA:52,0,0,-
DA:55,0
DA:57,0
DA:62,0
DA:66,0
DA:69,0
DA:70,0
BRDA:70,1,0,-
DA:74,0
DA:81,0
FN:81,EVMVault.withdraw
FNDA:0,EVMVault.withdraw
DA:82,0
BRDA:82,2,0,-
DA:84,0
DA:87,0
BRDA:87,3,0,-
DA:89,0
DA:92,0
DA:94,0
DA:99,0
DA:103,0
DA:107,0
DA:108,0
BRDA:108,4,0,-
DA:112,0
DA:118,0
FN:118,EVMVault.payRewards
FNDA:0,EVMVault.payRewards
DA:120,0
DA:123,0
DA:125,0
DA:135,0
FN:135,EVMVault.quote
FNDA:0,EVMVault.quote
DA:137,0
DA:140,0
DA:143,0
DA:145,0
DA:157,0
FN:157,EVMVault._lzReceive
FNDA:0,EVMVault._lzReceive
DA:159,0
DA:162,0
DA:165,0
DA:167,0
DA:180,0
FN:180,EVMVault.transferOwnership
FNDA:0,EVMVault.transferOwnership
DA:181,0
DA:188,0
FN:188,EVMVault._transferOwnership
FNDA:0,EVMVault._transferOwnership
DA:189,0
FNF:8
FNH:0
LF:41
LH:0
BRF:5
BRH:0
end_of_record
TN:
SF:src/PoolLogic.sol
DA:16,1140
FN:16,PoolLogic.executeStakeTokens
FNDA:1140,PoolLogic.executeStakeTokens
DA:29,1140
DA:32,1139
BRDA:32,0,0,-
DA:35,1139
DA:38,1139
DA:41,1139
DA:42,1139
DA:45,1139
DA:48,1139
DA:49,1139
DA:51,0
DA:54,662
FN:54,PoolLogic.executeStakeNfts
FNDA:662,PoolLogic.executeStakeNfts
DA:69,662
DA:72,662
BRDA:72,1,0,-
DA:75,661
DA:78,661
DA:81,661
DA:82,661
DA:83,661
DA:86,661
DA:87,661
DA:90,661
BRDA:90,2,0,635
DA:91,661
BRDA:91,3,0,660
DA:94,661
DA:97,661
DA:98,661
DA:100,661
DA:103,993
FN:103,PoolLogic.executeStakeRP
FNDA:993,PoolLogic.executeStakeRP
DA:116,993
DA:119,993
BRDA:119,4,0,-
DA:122,993
DA:125,993
DA:128,993
DA:129,993
DA:132,993
DA:135,993
DA:136,993
DA:138,0
DA:141,208
FN:141,PoolLogic.executeUnstake
FNDA:208,PoolLogic.executeUnstake
DA:156,208
DA:159,208
BRDA:159,5,0,-
DA:160,208
DA:161,208
BRDA:161,6,0,-
DA:164,208
DA:168,208
DA:170,208
DA:171,208
DA:172,208
DA:175,208
BRDA:175,7,0,208
DA:178,208
DA:181,208
DA:182,208
DA:185,208
DA:187,208
DA:191,208
BRDA:191,8,0,207
DA:194,207
DA:195,207
DA:196,207
DA:199,207
DA:200,207
DA:203,207
BRDA:203,9,0,189
DA:204,207
BRDA:204,10,0,207
DA:206,207
DA:210,208
DA:211,208
DA:214,208
DA:217,208
FN:217,PoolLogic.executeMigrateRealmPoints
FNDA:208,PoolLogic.executeMigrateRealmPoints
DA:231,208
DA:232,208
DA:235,208
BRDA:235,11,0,-
DA:238,208
BRDA:238,12,0,-
DA:241,208
DA:243,208
DA:248,208
DA:249,208
DA:250,208
DA:252,208
DA:255,208
DA:256,208
DA:257,208
DA:259,208
DA:262,208
DA:265,208
DA:266,208
DA:269,208
DA:270,208
DA:273,208
DA:274,208
BRDA:274,13,0,207
BRDA:274,13,1,207
DA:276,207
BRDA:276,14,0,-
BRDA:276,14,1,207
DA:277,0
DA:279,0
DA:282,207
DA:284,207
DA:289,1
DA:290,1
DA:294,242
FN:294,PoolLogic.executeClaimRewards
FNDA:242,PoolLogic.executeClaimRewards
DA:307,242
DA:310,242
BRDA:310,15,0,-
DA:311,0
DA:315,242
DA:316,242
BRDA:316,16,0,-
DA:319,242
DA:320,242
DA:323,242
DA:329,242
DA:332,242
BRDA:332,17,0,190
DA:334,190
DA:336,190
DA:337,190
DA:339,190
DA:343,242
BRDA:343,18,0,122
DA:345,122
DA:347,122
DA:348,122
DA:350,122
DA:354,242
BRDA:354,19,0,190
DA:356,190
DA:358,190
DA:359,190
DA:361,190
DA:365,242
BRDA:365,20,0,162
DA:367,162
DA:369,162
BRDA:369,21,0,121
DA:371,121
DA:372,121
DA:374,121
DA:381,242
DA:382,242
DA:383,242
DA:386,242
DA:387,242
DA:389,0
DA:392,374
FN:392,PoolLogic.executeUpdateVaultFees
FNDA:374,PoolLogic.executeUpdateVaultFees
DA:407,374
DA:410,374
BRDA:410,22,0,-
DA:413,374
BRDA:413,23,0,1
DA:416,373
BRDA:416,24,0,1
DA:418,372
BRDA:418,25,0,1
DA:419,371
BRDA:419,26,0,1
DA:422,370
DA:423,370
DA:424,370
DA:427,370
BRDA:427,27,0,-
DA:430,370
DA:433,370
DA:434,370
DA:435,370
DA:438,370
DA:439,370
DA:440,370
DA:443,370
DA:446,42
FN:446,PoolLogic.executeActivateCooldown
FNDA:42,PoolLogic.executeActivateCooldown
DA:458,42
DA:461,42
BRDA:461,28,0,-
DA:464,42
BRDA:464,29,0,-
DA:467,42
BRDA:467,30,0,1
DA:470,41
DA:472,0
DA:475,26
FN:475,PoolLogic.executeEndVaults
FNDA:26,PoolLogic.executeEndVaults
DA:488,26
DA:489,26
DA:490,26
DA:491,26
DA:492,26
DA:493,26
DA:495,26
DA:498,26
DA:499,26
DA:500,26
DA:501,52
DA:505,26
DA:507,52
DA:508,52
DA:509,52
DA:512,52
DA:514,52
BRDA:514,31,0,52
DA:517,52
DA:520,52
DA:521,52
DA:524,52
DA:526,52
DA:528,52
DA:530,52
DA:533,52
DA:534,52
DA:535,52
DA:538,52
BRDA:538,36,0,26
DA:540,26
DA:541,26
DA:542,26
DA:543,26
DA:544,26
DA:545,26
DA:548,26
DA:549,26
DA:552,26
DA:553,26
DA:559,26
DA:560,26
DA:562,26
DA:565,26
FN:565,PoolLogic.executeStakeOnBehalfOf
FNDA:26,PoolLogic.executeStakeOnBehalfOf
DA:579,26
DA:580,26
BRDA:580,37,0,-
DA:581,26
BRDA:581,38,0,-
DA:582,26
BRDA:582,39,0,-
DA:584,26
DA:585,26
DA:587,26
DA:589,26
DA:590,26
DA:591,26
DA:594,26
DA:597,26
BRDA:597,40,0,-
DA:600,26
DA:603,26
DA:606,26
DA:607,26
DA:610,26
DA:613,26
DA:614,26
DA:617,26
DA:618,26
DA:621,26
DA:623,26
DA:626,3
FN:626,PoolLogic.executeUpdateDistributionParams
FNDA:3,PoolLogic.executeUpdateDistributionParams
DA:638,3
DA:641,3
BRDA:641,41,0,-
DA:642,3
BRDA:642,42,0,-
DA:645,3
DA:648,3
BRDA:648,43,0,-
DA:650,0
BRDA:650,44,0,-
DA:653,0
BRDA:653,45,0,-
DA:655,0
DA:659,3
BRDA:659,46,0,3
DA:662,3
BRDA:662,47,0,3
DA:665,3
BRDA:665,48,0,-
DA:668,3
BRDA:668,49,0,-
DA:671,3
BRDA:671,50,0,-
DA:674,3
DA:679,3
BRDA:679,51,0,3
DA:682,3
DA:683,3
DA:686,3
BRDA:686,52,0,-
DA:689,3
DA:691,3
DA:693,0
DA:696,11
FN:696,PoolLogic.executeUpdateVaultsAndAccounts
FNDA:11,PoolLogic.executeUpdateVaultsAndAccounts
DA:708,11
DA:709,11
DA:710,11
DA:711,22
DA:715,11
DA:716,22
DA:718,22
DA:721,22
DA:724,22
DA:727,44
DA:728,44
DA:729,44
DA:732,44
DA:735,44
DA:736,44
DA:739,44
BRDA:739,54,0,-
DA:740,0
DA:746,38
FN:746,PoolLogic.executeUpdateDistributionIndex
FNDA:38,PoolLogic.executeUpdateDistributionIndex
DA:755,38
DA:757,38
DA:760,98
FN:760,PoolLogic.viewClaimRewards
FNDA:98,PoolLogic.viewClaimRewards
DA:772,98
DA:775,98
DA:776,98
DA:777,98
DA:780,98
DA:785,98
DA:788,98
BRDA:788,55,0,51
DA:789,51
DA:790,51
DA:794,98
BRDA:794,56,0,52
DA:795,52
DA:796,52
DA:800,98
BRDA:800,57,0,27
DA:801,27
DA:802,27
DA:806,98
BRDA:806,58,0,56
DA:807,56
DA:808,56
BRDA:808,59,0,31
DA:812,98
DA:813,98
BRDA:813,60,0,52
DA:814,52
DA:817,46
DA:822,6869
FN:822,PoolLogic._updateDistributionIndex
FNDA:6869,PoolLogic._updateDistributionIndex
DA:834,6869
DA:840,6791
DA:844,5611
BRDA:844,64,0,2
DA:846,2
BRDA:846,65,0,2
DA:849,2
DA:851,2
DA:853,2
DA:854,2
DA:855,2
DA:858,2
DA:859,4
BRDA:859,66,0,2
DA:861,2
DA:862,2
DA:863,0
DA:867,2
DA:870,2
DA:875,5609
DA:876,5609
DA:878,5609
BRDA:878,67,0,2242
DA:880,2242
DA:882,2242
DA:883,2242
DA:884,2242
DA:887,5609
DA:898,5642
FN:898,PoolLogic._calculateDistributionIndex
FNDA:5642,PoolLogic._calculateDistributionIndex
DA:900,5642
DA:901,5105
DA:902,5105
DA:903,3367
BRDA:903,68,0,3367
DA:904,3367
DA:907,2275
DA:910,2275
BRDA:910,69,0,937
BRDA:910,69,1,904
DA:911,937
DA:915,1338
DA:918,2275
DA:921,2275
DA:924,2275
DA:927,33
DA:928,2275
DA:933,6754
FN:933,PoolLogic._updateVaultAccount
FNDA:6754,PoolLogic._updateVaultAccount
DA:942,6754
DA:951,6754
DA:954,3167
DA:968,3134
DA:971,3134
BRDA:971,72,0,613
DA:972,613
DA:973,613
DA:977,2521
DA:980,2521
DA:981,2521
DA:982,2521
DA:985,2521
BRDA:985,73,0,2275
DA:987,2275
DA:991,2521
BRDA:991,74,0,2094
DA:992,2094
BRDA:992,75,0,2094
DA:995,2094
DA:996,2094
DA:1001,2521
BRDA:1001,76,0,2521
DA:1002,2521
BRDA:1002,77,0,2521
DA:1005,2521
DA:1006,2521
DA:1011,2521
DA:1012,2521
DA:1013,2521
DA:1014,2521
DA:1017,2521
BRDA:1017,78,0,2322
DA:1018,2322
DA:1022,2521
DA:1024,2521
DA:1026,2521
DA:1029,6658
FN:1029,PoolLogic._updateUserAccount
FNDA:6658,PoolLogic._updateUserAccount
DA:1040,6658
DA:1043,6658
DA:1046,6658
DA:1047,6658
DA:1048,6658
DA:1051,6658
BRDA:1051,79,0,5322
DA:1052,5322
BRDA:1052,80,0,2310
DA:1053,2310
DA:1054,2310
DA:1059,6658
DA:1060,6658
BRDA:1060,81,0,3161
DA:1061,3161
BRDA:1061,82,0,1659
DA:1062,1659
DA:1063,1659
DA:1068,6658
BRDA:1068,83,0,4952
DA:1070,4952
BRDA:1070,84,0,2509
DA:1073,2509
DA:1074,2509
DA:1079,6658
DA:1080,6658
DA:1081,6658
DA:1083,6658
DA:1085,6658
DA:1090,3854
FN:1090,PoolLogic._updateUserAccounts
FNDA:3854,PoolLogic._updateUserAccounts
DA:1111,3854
DA:1112,3854
DA:1113,3854
DA:1114,6416
DA:1118,3854
DA:1119,6416
DA:1122,6416
DA:1123,6416
DA:1124,6416
DA:1126,6416
DA:1133,6416
DA:1134,6416
DA:1135,6416
DA:1140,7429
FN:1140,PoolLogic._calculateRewards
FNDA:7429,PoolLogic._calculateRewards
DA:1141,7429
DA:1146,4201
FN:1146,PoolLogic._cache
FNDA:4201,PoolLogic._cache
DA:1153,4201
DA:1154,4201
BRDA:1154,85,0,2
DA:1157,4199
DA:1159,4199
DA:1163,661
FN:1163,PoolLogic._concatArrays
FNDA:661,PoolLogic._concatArrays
DA:1166,661
DA:1167,661
DA:1168,661
DA:1170,661
DA:1171,1133
DA:1172,472
DA:1175,661
DA:1176,1982
DA:1177,1321
DA:1180,0
DA:1185,208
FN:1185,PoolLogic._removeFromArray
FNDA:208,PoolLogic._removeFromArray
DA:1186,208
DA:1187,208
DA:1189,208
DA:1190,208
DA:1192,208
DA:1193,792
DA:1196,792
DA:1197,1377
BRDA:1197,86,0,414
DA:1198,414
DA:1199,414
DA:1203,378
BRDA:1203,87,0,378
DA:1204,378
DA:1205,378
DA:1209,0
DA:1216,0
FN:1216,PoolLogic.viewUserAccount
FNDA:0,PoolLogic.viewUserAccount
DA:1224,0
DA:1227,98
FN:1227,PoolLogic._viewUserAccount
FNDA:98,PoolLogic._viewUserAccount
DA:1237,98
DA:1240,98
DA:1243,98
BRDA:1243,88,0,38
DA:1244,38
BRDA:1244,89,0,30
DA:1245,30
DA:1246,30
DA:1251,98
DA:1252,98
BRDA:1252,90,0,46
DA:1253,46
BRDA:1253,91,0,13
DA:1254,13
DA:1255,13
DA:1260,98
BRDA:1260,92,0,89
DA:1262,89
BRDA:1262,93,0,31
DA:1265,31
DA:1266,31
DA:1271,98
DA:1272,98
DA:1273,98
DA:1275,98
DA:1278,0
FN:1278,PoolLogic.viewVaultAccount
FNDA:0,PoolLogic.viewVaultAccount
DA:1284,0
DA:1287,98
FN:1287,PoolLogic._viewVaultAccount
FNDA:98,PoolLogic._viewVaultAccount
DA:1295,98
DA:1302,98
DA:1305,30
DA:1308,28
DA:1311,28
BRDA:1311,96,0,-
DA:1312,0
DA:1313,0
DA:1317,28
DA:1320,28
DA:1321,28
DA:1322,28
DA:1325,28
BRDA:1325,97,0,27
DA:1327,27
DA:1331,28
BRDA:1331,98,0,27
DA:1332,27
BRDA:1332,99,0,27
DA:1334,27
DA:1335,27
DA:1340,28
BRDA:1340,100,0,28
DA:1341,28
BRDA:1341,101,0,28
DA:1343,28
DA:1344,28
DA:1349,28
DA:1350,28
DA:1351,28
DA:1352,28
DA:1355,28
BRDA:1355,102,0,27
DA:1356,27
DA:1360,28
DA:1362,28
DA:1365,98
FN:1365,PoolLogic._viewDistributionIndex
FNDA:98,PoolLogic._viewDistributionIndex
DA:1372,98
DA:1375,31
DA:1378,31
DA:1380,31
DA:1382,31
BRDA:1382,105,0,1
DA:1384,1
DA:1385,1
DA:1386,1
DA:1389,31
FNF:28
FNH:26
LF:496
LH:475
BRF:95
BRH:66
end_of_record
TN:
SF:src/RewardsVaultV1.sol
DA:47,306
FN:47,RewardsVaultV1.constructor
FNDA:306,RewardsVaultV1.constructor
DA:50,306
DA:52,306
DA:53,306
DA:54,306
DA:65,4
FN:65,RewardsVaultV1.setReceiver
FNDA:4,RewardsVaultV1.setReceiver
DA:66,4
BRDA:66,0,0,1
DA:67,3
BRDA:67,1,0,1
DA:69,2
DA:71,2
DA:87,252
FN:87,RewardsVaultV1.setupDistribution
FNDA:252,RewardsVaultV1.setupDistribution
DA:93,251
DA:94,251
DA:95,251
DA:96,251
DA:99,251
DA:102,251
DA:104,251
DA:113,4
FN:113,RewardsVaultV1.updateDistribution
FNDA:4,RewardsVaultV1.updateDistribution
DA:114,3
DA:115,3
DA:116,3
DA:124,15
FN:124,RewardsVaultV1.endDistribution
FNDA:15,RewardsVaultV1.endDistribution
DA:125,14
DA:126,14
DA:127,14
DA:140,191
FN:140,RewardsVaultV1.payRewards
FNDA:191,RewardsVaultV1.payRewards
DA:141,190
BRDA:141,2,0,-
DA:144,190
DA:145,190
DA:148,190
DA:149,190
BRDA:149,3,0,-
DA:152,190
DA:155,190
DA:156,190
DA:159,190
DA:160,190
DA:162,190
DA:165,190
DA:179,249
FN:179,RewardsVaultV1.deposit
FNDA:249,RewardsVaultV1.deposit
DA:180,248
BRDA:180,4,0,-
DA:181,248
BRDA:181,5,0,-
DA:182,248
BRDA:182,6,0,-
DA:183,248
BRDA:183,7,0,-
DA:186,248
DA:188,248
BRDA:188,8,0,-
DA:190,248
BRDA:190,9,0,-
DA:193,248
BRDA:193,10,0,-
DA:196,248
DA:197,248
DA:200,248
DA:201,248
DA:203,248
DA:213,1
FN:213,RewardsVaultV1.withdraw
FNDA:1,RewardsVaultV1.withdraw
DA:214,0
BRDA:214,11,0,-
DA:215,0
BRDA:215,12,0,-
DA:216,0
BRDA:216,13,0,-
DA:219,0
DA:220,0
BRDA:220,14,0,-
DA:223,0
DA:224,0
BRDA:224,15,0,-
DA:226,0
DA:227,0
BRDA:227,16,0,-
DA:230,0
DA:231,0
DA:234,0
DA:235,0
DA:237,0
DA:245,12
FN:245,RewardsVaultV1.pause
FNDA:12,RewardsVaultV1.pause
DA:246,0
DA:252,3
FN:252,RewardsVaultV1.unpause
FNDA:3,RewardsVaultV1.unpause
DA:253,0
DA:261,1
FN:261,RewardsVaultV1.exit
FNDA:1,RewardsVaultV1.exit
DA:262,0
DA:269,445
FN:269,RewardsVaultV1.addressToBytes32
FNDA:445,RewardsVaultV1.addressToBytes32
DA:270,445
DA:273,692
FN:273,RewardsVaultV1.bytes32ToAddress
FNDA:692,RewardsVaultV1.bytes32ToAddress
DA:274,692
FNF:13
FNH:13
LF:78
LH:61
BRF:17
BRH:2
end_of_record
TN:
SF:src/RewardsVaultV2.sol
DA:33,0
FN:33,RewardsVaultV2.payRewards
FNDA:0,RewardsVaultV2.payRewards
DA:37,0
DA:38,0
DA:41,0
DA:42,0
BRDA:42,0,0,-
DA:45,0
DA:48,0
DA:51,0
BRDA:51,1,0,-
BRDA:51,1,1,-
DA:54,0
DA:55,0
DA:58,0
DA:60,0
DA:63,0
DA:67,0
BRDA:67,2,0,-
BRDA:67,2,1,-
DA:70,0
DA:71,0
DA:76,0
DA:80,0
DA:83,0
DA:84,0
BRDA:84,3,0,-
DA:88,0
DA:94,0
DA:97,0
DA:98,0
DA:103,0
DA:107,0
DA:110,0
DA:111,0
BRDA:111,4,0,-
DA:115,0
DA:131,0
FN:131,RewardsVaultV2.quote
FNDA:0,RewardsVaultV2.quote
DA:132,0
BRDA:132,5,0,-
BRDA:132,5,1,-
DA:136,0
DA:139,0
DA:142,0
DA:143,0
DA:155,0
FN:155,RewardsVaultV2._lzReceive
FNDA:0,RewardsVaultV2._lzReceive
DA:160,0
DA:163,0
BRDA:163,6,0,-
BRDA:163,6,1,-
DA:165,0
DA:170,0
DA:173,0
DA:186,0
FN:186,RewardsVaultV2.transferOwnership
FNDA:0,RewardsVaultV2.transferOwnership
DA:187,0
DA:194,0
FN:194,RewardsVaultV2._transferOwnership
FNDA:0,RewardsVaultV2._transferOwnership
DA:195,0
FNF:5
FNH:0
LF:45
LH:0
BRF:11
BRH:0
end_of_record
TN:
SF:src/StakingPro.sol
DA:93,305
FN:93,StakingPro.constructor
FNDA:305,StakingPro.constructor
DA:101,305
BRDA:101,0,0,-
DA:102,305
BRDA:102,1,0,-
DA:103,305
BRDA:103,2,0,-
DA:104,305
BRDA:104,3,0,-
DA:105,305
BRDA:105,4,0,-
DA:106,305
BRDA:106,5,0,-
DA:109,305
BRDA:109,6,0,-
DA:112,305
BRDA:112,7,0,-
DA:115,305
DA:116,305
DA:119,305
DA:122,305
DA:123,305
DA:124,305
DA:125,305
DA:126,305
DA:127,305
DA:129,305
DA:132,305
DA:133,305
DA:134,305
DA:137,305
DA:140,305
DA:160,499
FN:160,StakingPro.createVault
FNDA:499,StakingPro.createVault
DA:161,499
BRDA:161,8,0,-
DA:164,499
DA:165,499
BRDA:165,9,0,-
DA:168,499
DA:171,497
DA:172,497
BRDA:172,10,0,-
DA:175,497
DA:177,497
DA:178,497
DA:179,497
DA:183,497
DA:184,497
DA:185,497
DA:187,497
DA:190,497
DA:191,497
DA:192,497
DA:195,497
DA:198,497
DA:201,497
DA:203,497
DA:206,497
DA:215,1141
FN:215,StakingPro.stakeTokens
FNDA:1141,StakingPro.stakeTokens
DA:216,1141
BRDA:216,11,0,1
DA:218,1140
DA:219,1140
DA:220,1140
DA:221,1140
DA:222,1140
DA:223,1140
DA:225,1140
DA:226,1140
DA:230,1139
DA:231,1139
DA:234,1139
DA:237,1139
DA:246,662
FN:246,StakingPro.stakeNfts
FNDA:662,StakingPro.stakeNfts
DA:247,662
DA:248,662
BRDA:248,12,0,-
DA:251,662
DA:253,662
DA:254,662
DA:255,662
DA:256,662
DA:257,662
DA:258,662
DA:260,662
DA:264,662
DA:268,661
DA:269,661
DA:270,661
DA:272,661
DA:275,661
DA:291,995
FN:291,StakingPro.stakeRP
FNDA:995,StakingPro.stakeRP
DA:292,995
BRDA:292,13,0,-
DA:293,995
BRDA:293,14,0,2
DA:296,993
DA:298,993
DA:299,993
BRDA:299,15,0,-
DA:302,993
DA:304,993
DA:305,993
DA:306,993
DA:307,993
DA:308,993
DA:309,993
DA:311,993
DA:312,993
DA:316,993
DA:317,993
DA:319,993
DA:329,208
FN:329,StakingPro.migrateRealmPoints
FNDA:208,StakingPro.migrateRealmPoints
DA:330,208
BRDA:330,16,0,-
DA:331,208
BRDA:331,17,0,-
DA:333,208
DA:334,208
DA:335,208
DA:336,208
DA:337,208
DA:338,208
DA:340,208
DA:341,208
DA:342,208
DA:343,208
DA:344,208
DA:345,208
DA:347,208
DA:351,208
DA:355,208
BRDA:355,18,0,208
DA:357,208
BRDA:357,19,0,1
BRDA:357,19,1,207
DA:359,1
DA:362,207
DA:375,208
FN:375,StakingPro.unstake
FNDA:208,StakingPro.unstake
DA:376,208
BRDA:376,20,0,-
DA:378,208
DA:379,208
DA:380,208
DA:381,208
DA:382,208
DA:383,208
DA:385,208
DA:391,208
DA:395,208
BRDA:395,21,0,190
BRDA:395,21,1,18
DA:397,190
BRDA:397,22,0,190
DA:399,190
DA:400,190
DA:403,190
DA:407,190
DA:408,190
BRDA:408,23,0,189
DA:411,189
DA:412,189
DA:413,189
DA:416,189
DA:422,18
BRDA:422,24,0,18
DA:439,242
FN:439,StakingPro.claimRewards
FNDA:242,StakingPro.claimRewards
DA:440,242
BRDA:440,25,0,-
DA:442,242
DA:443,242
DA:444,242
DA:445,242
DA:446,242
DA:447,242
DA:449,242
DA:450,242
DA:454,242
BRDA:454,26,0,190
DA:466,377
FN:466,StakingPro.updateVaultFees
FNDA:377,StakingPro.updateVaultFees
DA:468,377
DA:469,377
BRDA:469,27,0,3
DA:471,374
DA:472,374
DA:473,374
DA:474,374
DA:475,374
DA:476,374
DA:478,374
DA:488,42
FN:488,StakingPro.activateCooldown
FNDA:42,StakingPro.activateCooldown
DA:490,42
DA:491,42
DA:492,42
DA:493,42
DA:494,42
DA:495,42
DA:498,42
DA:500,41
DA:503,41
DA:504,41
DA:507,41
BRDA:507,28,0,3
DA:510,3
DA:511,3
DA:512,3
DA:513,3
DA:514,3
DA:515,3
DA:518,3
DA:521,3
DA:522,3
DA:524,3
DA:528,41
DA:536,26
FN:536,StakingPro.endVaults
FNDA:26,StakingPro.endVaults
DA:537,26
DA:538,26
BRDA:538,29,0,-
DA:540,26
DA:541,26
DA:542,26
DA:543,26
DA:545,26
DA:553,26
DA:557,26
DA:558,26
DA:559,26
DA:560,26
DA:561,26
DA:562,26
DA:574,27
FN:574,StakingPro.stakeOnBehalfOf
FNDA:27,StakingPro.stakeOnBehalfOf
DA:576,26
DA:577,26
DA:578,26
DA:579,26
DA:581,26
DA:585,26
DA:588,26
DA:589,26
DA:592,26
DA:603,16
FN:603,StakingPro.setEndTime
FNDA:16,StakingPro.setEndTime
DA:604,16
BRDA:604,30,0,1
DA:605,15
BRDA:605,31,0,1
DA:607,14
DA:609,14
DA:613,14
DA:614,28
BRDA:614,32,0,13
DA:615,13
DA:625,307
FN:625,StakingPro.setRewardsVault
FNDA:307,StakingPro.setRewardsVault
DA:626,307
BRDA:626,33,0,-
DA:629,307
BRDA:629,34,0,1
DA:631,306
DA:632,306
DA:640,5
FN:640,StakingPro.updateActiveDistributions
FNDA:5,StakingPro.updateActiveDistributions
DA:641,5
BRDA:641,35,0,1
DA:642,4
BRDA:642,36,0,1
DA:644,3
DA:646,3
DA:654,7
FN:654,StakingPro.updateMaximumFeeFactor
FNDA:7,StakingPro.updateMaximumFeeFactor
DA:655,6
BRDA:655,37,0,-
DA:657,6
DA:658,6
DA:660,6
DA:667,6
FN:667,StakingPro.updateMinimumRealmPoints
FNDA:6,StakingPro.updateMinimumRealmPoints
DA:668,6
BRDA:668,38,0,-
DA:670,6
DA:671,6
DA:673,6
DA:681,735
FN:681,StakingPro.updateCreationNfts
FNDA:735,StakingPro.updateCreationNfts
DA:682,479
DA:683,479
DA:685,479
DA:694,7
FN:694,StakingPro.updateVaultCooldown
FNDA:7,StakingPro.updateVaultCooldown
DA:695,6
DA:696,6
DA:709,529
FN:709,StakingPro.setupDistribution
FNDA:529,StakingPro.setupDistribution
DA:713,529
BRDA:713,39,0,1
DA:715,528
BRDA:715,40,0,-
DA:716,528
BRDA:716,41,0,-
DA:718,528
BRDA:718,42,0,-
DA:719,528
BRDA:719,43,0,-
DA:721,528
BRDA:721,44,0,251
DA:724,251
BRDA:724,45,0,-
DA:727,251
BRDA:727,46,0,-
DA:728,251
BRDA:728,47,0,-
DA:732,528
DA:735,528
BRDA:735,48,0,-
DA:738,528
DA:739,528
DA:740,528
DA:741,528
DA:742,528
DA:743,528
DA:744,528
DA:747,528
DA:750,528
DA:752,528
DA:756,0
BRDA:756,49,0,251
DA:758,251
DA:759,251
DA:775,3
FN:775,StakingPro.updateDistribution
FNDA:3,StakingPro.updateDistribution
DA:777,3
BRDA:777,50,0,-
DA:779,3
DA:783,3
BRDA:783,51,0,3
DA:790,18
FN:790,StakingPro.endDistribution
FNDA:18,StakingPro.endDistribution
DA:791,17
BRDA:791,52,0,1
DA:792,16
DA:794,16
BRDA:794,53,0,1
DA:795,15
BRDA:795,54,0,1
DA:797,14
BRDA:797,55,0,-
DA:800,14
DA:803,14
DA:804,14
DA:807,14
DA:810,14
DA:811,28
BRDA:811,56,0,14
DA:813,14
DA:814,14
DA:815,14
DA:819,14
DA:822,14
DA:844,15
FN:844,StakingPro.enableMaintenance
FNDA:15,StakingPro.enableMaintenance
DA:845,14
BRDA:845,57,0,-
DA:847,14
DA:848,14
DA:854,3
FN:854,StakingPro.disableMaintenance
FNDA:3,StakingPro.disableMaintenance
DA:855,2
BRDA:855,58,0,-
DA:857,2
DA:858,2
DA:871,12
FN:871,StakingPro.updateDistributions
FNDA:12,StakingPro.updateDistributions
DA:874,12
DA:876,12
BRDA:876,59,0,12
DA:878,12
DA:880,24
DA:885,12
DA:893,11
FN:893,StakingPro.updateAllVaultAccounts
FNDA:11,StakingPro.updateAllVaultAccounts
DA:894,11
DA:895,11
BRDA:895,60,0,-
DA:897,11
DA:899,11
DA:900,11
DA:901,11
DA:903,11
DA:905,11
DA:912,8
FN:912,StakingPro.updateNftMultiplier
FNDA:8,StakingPro.updateNftMultiplier
DA:913,7
BRDA:913,61,0,-
DA:915,7
DA:916,7
DA:918,7
DA:926,5
FN:926,StakingPro.updateBoostedBalances
FNDA:5,StakingPro.updateBoostedBalances
DA:927,4
DA:928,4
BRDA:928,62,0,-
DA:931,4
DA:933,8
DA:936,8
DA:937,8
BRDA:937,63,0,-
DA:940,8
DA:941,8
DA:944,8
DA:945,8
DA:946,8
DA:949,8
DA:952,8
DA:953,8
DA:956,4
DA:964,7
FN:964,StakingPro.pause
FNDA:7,StakingPro.pause
DA:965,6
BRDA:965,64,0,-
DA:966,0
DA:972,3
FN:972,StakingPro.unpause
FNDA:3,StakingPro.unpause
DA:973,2
BRDA:973,65,0,1
DA:974,0
DA:983,3
FN:983,StakingPro.freeze
FNDA:3,StakingPro.freeze
DA:984,3
BRDA:984,66,0,-
DA:985,3
DA:986,3
DA:1000,1
FN:1000,StakingPro.emergencyExit
FNDA:1,StakingPro.emergencyExit
DA:1001,1
BRDA:1001,67,0,-
DA:1002,1
BRDA:1002,68,0,-
DA:1005,1
BRDA:1005,69,0,-
DA:1006,0
DA:1009,1
DA:1010,1
DA:1011,1
DA:1013,1
DA:1016,1
DA:1017,1
DA:1018,1
BRDA:1018,70,0,-
DA:1021,1
DA:1024,1
DA:1025,1
DA:1026,1
BRDA:1026,71,0,-
DA:1029,1
BRDA:1029,72,0,1
DA:1032,1
DA:1033,1
DA:1036,1
DA:1039,1
DA:1042,1
BRDA:1042,73,0,-
DA:1045,0
DA:1046,0
DA:1049,0
DA:1050,0
DA:1054,1
BRDA:1054,74,0,1
DA:1056,1
DA:1057,1
DA:1059,1
DA:1063,1
DA:1064,1
DA:1068,1
DA:1069,1
DA:1070,1
DA:1073,1
BRDA:1073,75,0,1
DA:1074,1
DA:1093,1
FN:1093,StakingPro._concatArrays
FNDA:1,StakingPro._concatArrays
DA:1096,1
DA:1097,1
DA:1098,1
DA:1100,1
DA:1101,1
DA:1102,0
DA:1105,1
DA:1106,6
DA:1107,5
DA:1110,0
DA:1114,497
FN:1114,StakingPro._generateVaultId
FNDA:497,StakingPro._generateVaultId
DA:1115,497
DA:1123,4437
FN:1123,StakingPro._whenStarted
FNDA:4437,StakingPro._whenStarted
DA:1124,4437
BRDA:1124,76,0,1
DA:1128,5675
FN:1128,StakingPro._whenNotEnded
FNDA:5675,StakingPro._whenNotEnded
DA:1129,5675
BRDA:1129,77,0,9
DA:1132,0
FN:1132,StakingPro._whenNotFrozen
FNDA:0,StakingPro._whenNotFrozen
DA:1133,0
BRDA:1133,78,0,-
DA:1136,41
FN:1136,StakingPro._whenUnderMaintenance
FNDA:41,StakingPro._whenUnderMaintenance
DA:1137,41
BRDA:1137,79,0,2
DA:1140,4442
FN:1140,StakingPro._whenNotUnderMaintenance
FNDA:4442,StakingPro._whenNotUnderMaintenance
DA:1141,4442
BRDA:1141,80,0,-
DA:1144,27
FN:1144,StakingPro.whenStartedAndNotEnded
FNDA:27,StakingPro.whenStartedAndNotEnded
DA:1145,0
DA:1146,0
DA:1150,1
FN:1150,StakingPro.whenStarted
FNDA:1,StakingPro.whenStarted
DA:1151,0
DA:1155,7
FN:1155,StakingPro.whenNotEnded
FNDA:7,StakingPro.whenNotEnded
DA:1156,0
DA:1160,0
FN:1160,StakingPro.whenNotFrozen
FNDA:0,StakingPro.whenNotFrozen
DA:1161,0
DA:1165,8
FN:1165,StakingPro.whenUnderMaintenance
FNDA:8,StakingPro.whenUnderMaintenance
DA:1166,0
DA:1170,27
FN:1170,StakingPro.whenNotUnderMaintenance
FNDA:27,StakingPro.whenNotUnderMaintenance
DA:1171,0
DA:1185,995
FN:1185,StakingPro.hashTypedDataV4
FNDA:995,StakingPro.hashTypedDataV4
DA:1186,995
DA:1193,0
FN:1193,StakingPro.domainSeparatorV4
FNDA:0,StakingPro.domainSeparatorV4
DA:1194,0
DA:1201,16
FN:1201,StakingPro.getActiveDistributionsLength
FNDA:16,StakingPro.getActiveDistributionsLength
DA:1202,16
DA:1205,1958
FN:1205,StakingPro.getVault
FNDA:1958,StakingPro.getVault
DA:1206,1958
DA:1209,47
FN:1209,StakingPro.getUser
FNDA:47,StakingPro.getUser
DA:1210,47
DA:1213,98
FN:1213,StakingPro.getClaimableRewards
FNDA:98,StakingPro.getClaimableRewards
DA:1216,98
DA:1218,98
DA:1219,98
DA:1220,98
DA:1221,98
DA:1222,98
DA:1223,98
DA:1226,98
DA:1227,98
DA:1231,0
DA:1235,0
FN:1235,StakingPro.getViewVaultAccount
FNDA:0,StakingPro.getViewVaultAccount
DA:1236,0
DA:1238,0
DA:1239,0
DA:1240,0
DA:1241,0
DA:1243,0
DA:1244,0
DA:1245,0
DA:1246,0
DA:1250,0
FN:1250,StakingPro.getViewUserAccount
FNDA:0,StakingPro.getViewUserAccount
DA:1251,0
DA:1252,0
DA:1253,0
DA:1254,0
DA:1255,0
DA:1256,0
DA:1258,0
DA:1259,0
DA:1260,0
DA:1261,0
DA:1262,0
DA:1264,0
FNF:53
FNH:48
LF:460
LH:414
BRF:83
BRH:35
end_of_record
TN:
SF:test/mocks/EndpointV2Mock.sol
DA:27,0
FN:27,EndpointV2Mock.setDelegate
FNDA:0,EndpointV2Mock.setDelegate
DA:29,0
FN:29,EndpointV2Mock.send
FNDA:0,EndpointV2Mock.send
DA:30,0
DA:31,0
DA:40,0
FN:40,EndpointV2Mock.quote
FNDA:0,EndpointV2Mock.quote
DA:42,0
DA:44,0
BRDA:44,0,0,-
DA:47,0
DA:48,0
DA:49,0
DA:50,0
DA:51,0
DA:54,0
BRDA:54,6,0,-
BRDA:54,6,1,-
DA:57,0
DA:58,0
DA:59,0
DA:60,0
DA:61,0
DA:64,0
FNF:3
FNH:0
LF:19
LH:0
BRF:3
BRH:0
end_of_record
TN:
SF:test/mocks/MocaToken.sol
DA:10,1220
FN:10,MocaToken.mint
FNDA:1220,MocaToken.mint
DA:11,1220
DA:14,0
FN:14,MocaToken.burn
FNDA:0,MocaToken.burn
DA:15,0
FNF:2
FNH:1
LF:4
LH:2
BRF:0
BRH:0
end_of_record
TN:
SF:test/mocks/MockRegistry.sol
DA:12,915
FN:12,MockRegistry.register
FNDA:915,MockRegistry.register
DA:14,915
FNF:1
FNH:1
LF:2
LH:2
BRF:0
BRH:0
end_of_record
TN:
SF:test/unit/DistributionUpdateCases.t.sol
DA:8,6
FN:8,StateT1_Started.setUp
FNDA:6,StateT1_Started.setUp
DA:9,0
DA:12,6
DA:20,6
FN:20,StateT1_CreateVault1.setUp
FNDA:6,StateT1_CreateVault1.setUp
DA:21,0
DA:23,6
DA:25,6
DA:26,0
DA:27,0
DA:28,6
DA:30,6
DA:36,6
FN:36,StateT1_User1StakeAssetsToVault1.setUp
FNDA:6,StateT1_User1StakeAssetsToVault1.setUp
DA:37,0
DA:39,6
DA:42,6
DA:43,6
DA:46,6
DA:47,6
DA:48,6
DA:49,6
DA:51,6
DA:59,2
FN:59,NewDistribution_Case1.setUp
FNDA:2,NewDistribution_Case1.setUp
DA:60,0
DA:62,2
DA:64,2
DA:65,0
DA:66,2
DA:67,2
DA:68,0
DA:69,2
DA:71,2
DA:73,2
DA:76,2
DA:79,2
DA:80,2
DA:81,2
DA:83,2
DA:85,2
DA:107,1
FN:107,T51_Case1.setUp
FNDA:1,T51_Case1.setUp
DA:108,0
DA:110,1
DA:112,1
DA:113,1
DA:114,1
DA:115,1
DA:116,1
DA:117,1
DA:118,1
DA:162,2
FN:162,NewDistribution_Case2.setUp
FNDA:2,NewDistribution_Case2.setUp
DA:163,0
DA:165,2
DA:167,2
DA:168,0
DA:169,2
DA:170,2
DA:171,0
DA:172,2
DA:174,2
DA:176,2
DA:179,2
DA:182,2
DA:183,2
DA:184,2
DA:186,2
DA:188,2
DA:210,1
FN:210,T51_Case2.setUp
FNDA:1,T51_Case2.setUp
DA:211,0
DA:213,1
DA:215,1
DA:216,1
DA:217,1
DA:218,1
DA:219,1
DA:220,1
DA:221,1
DA:265,2
FN:265,NewDistribution_Case3.setUp
FNDA:2,NewDistribution_Case3.setUp
DA:266,0
DA:268,2
DA:270,2
DA:271,0
DA:272,2
DA:273,2
DA:274,2
DA:275,2
DA:277,2
DA:279,2
DA:282,2
DA:285,2
DA:286,2
DA:287,2
DA:289,2
DA:291,2
DA:313,1
FN:313,T51_Case3.setUp
FNDA:1,T51_Case3.setUp
DA:314,0
DA:316,1
DA:318,1
DA:319,1
DA:320,1
DA:321,1
DA:322,1
DA:323,1
DA:324,1
FNF:9
FNH:9
LF:102
LH:86
BRF:0
BRH:0
end_of_record
TN:
SF:test/unit/PoolT0.t.sol
DA:11,279
FN:11,StateT0_Deploy.setUp
FNDA:279,StateT0_Deploy.setUp
DA:12,0
DA:73,276
FN:73,StateT0_DeployAndSetupStakingPower.setUp
FNDA:276,StateT0_DeployAndSetupStakingPower.setUp
DA:74,0
DA:76,276
DA:79,276
DA:80,276
DA:81,276
DA:82,276
DA:83,0
DA:84,276
DA:85,276
DA:86,276
FNF:2
FNH:2
LF:13
LH:10
BRF:0
BRH:0
end_of_record
TN:
SF:test/unit/PoolT1.t.sol
DA:8,270
FN:8,StateT1_Started.setUp
FNDA:270,StateT1_Started.setUp
DA:9,0
DA:12,270
DA:95,267
FN:95,StateT1_CreateVault1.setUp
FNDA:267,StateT1_CreateVault1.setUp
DA:96,0
DA:98,267
DA:100,267
DA:101,0
DA:102,0
DA:104,267
DA:105,267
DA:241,261
FN:241,StateT1_User1StakeAssetsToVault1.setUp
FNDA:261,StateT1_User1StakeAssetsToVault1.setUp
DA:242,0
DA:244,261
DA:247,261
DA:248,261
DA:251,261
DA:252,261
DA:253,261
DA:254,261
DA:256,261
FNF:3
FNH:3
LF:21
LH:16
BRF:0
BRH:0
end_of_record
TN:
SF:test/unit/PoolT11.t.sol
DA:10,242
FN:10,StateT11_Distribution1Created.setUp
FNDA:242,StateT11_Distribution1Created.setUp
DA:11,0
DA:14,242
DA:17,242
DA:18,242
DA:19,242
DA:20,242
DA:21,0
DA:22,242
DA:23,242
DA:26,242
DA:29,242
DA:37,242
DA:41,242
DA:42,242
DA:43,242
DA:44,242
DA:45,242
FNF:1
FNH:1
LF:18
LH:16
BRF:0
BRH:0
end_of_record
TN:
SF:test/unit/PoolT16.t.sol
DA:16,236
FN:16,StateT16_BothUsersStakeAgain.setUp
FNDA:236,StateT16_BothUsersStakeAgain.setUp
DA:17,0
DA:20,236
DA:23,236
DA:26,236
DA:27,236
DA:30,236
DA:31,236
DA:32,236
DA:33,236
DA:35,236
DA:38,236
DA:41,236
DA:42,236
DA:45,236
DA:46,236
DA:47,236
DA:48,236
DA:51,236
DA:52,236
DA:53,236
DA:54,236
DA:56,236
DA:59,236
DA:60,236
DA:61,236
DA:62,236
DA:63,236
DA:64,236
FNF:1
FNH:1
LF:29
LH:28
BRF:0
BRH:0
end_of_record
TN:
SF:test/unit/PoolT16p_UpdateActiveDistributions.t.sol
DA:8,2
FN:8,StateT16p_UpdateActiveDistributions.setUp
FNDA:2,StateT16p_UpdateActiveDistributions.setUp
DA:9,0
DA:11,2
DA:13,2
DA:14,2
DA:15,2
FNF:1
FNH:1
LF:6
LH:5
BRF:0
BRH:0
end_of_record
TN:
SF:test/unit/PoolT21.t.sol
DA:20,223
FN:20,StateT21_CreationNftsUpdated.setUp
FNDA:223,StateT21_CreationNftsUpdated.setUp
DA:21,0
DA:24,223
DA:27,223
DA:28,223
DA:29,223
DA:32,223
DA:33,223
DA:34,223
DA:35,223
DA:36,223
DA:37,223
FNF:1
FNH:1
LF:12
LH:11
BRF:0
BRH:0
end_of_record
TN:
SF:test/unit/PoolT26.t.sol
DA:11,221
FN:11,StateT26_User2CreatesVault2.setUp
FNDA:221,StateT26_User2CreatesVault2.setUp
DA:12,0
DA:14,221
DA:17,221
DA:18,221
DA:19,221
DA:20,221
DA:21,221
DA:22,0
DA:24,221
DA:25,221
DA:27,221
FNF:1
FNH:1
LF:12
LH:10
BRF:0
BRH:0
end_of_record
TN:
SF:test/unit/PoolT31.t.sol
DA:34,206
FN:34,StateT31_User2MigrateRpToVault2.setUp
FNDA:206,StateT31_User2MigrateRpToVault2.setUp
DA:35,0
DA:37,206
DA:40,206
DA:41,206
DA:42,206
DA:45,206
DA:46,206
DA:48,206
DA:49,206
DA:50,206
DA:51,206
DA:52,206
DA:53,206
DA:54,206
DA:55,206
DA:56,206
DA:57,206
DA:58,206
DA:59,206
DA:60,206
DA:61,206
FNF:1
FNH:1
LF:22
LH:21
BRF:0
BRH:0
end_of_record
TN:
SF:test/unit/PoolT36.t.sol
DA:34,188
FN:34,StateT36_User2UnstakesFromVault1.setUp
FNDA:188,StateT36_User2UnstakesFromVault1.setUp
DA:35,0
DA:37,188
DA:39,188
DA:40,188
DA:41,188
DA:43,188
DA:45,188
DA:46,188
DA:49,188
DA:50,188
DA:52,188
DA:53,188
DA:54,188
DA:55,188
DA:56,188
DA:57,188
DA:58,188
DA:59,188
DA:60,188
DA:61,188
DA:62,188
DA:63,188
DA:64,188
DA:65,188
FNF:1
FNH:1
LF:25
LH:24
BRF:0
BRH:0
end_of_record
TN:
SF:test/unit/PoolT41.t.sol
DA:33,148
FN:33,StateT41_User2StakesToVault2.setUp
FNDA:148,StateT41_User2StakesToVault2.setUp
DA:34,0
DA:37,148
DA:39,148
DA:40,148
DA:41,148
DA:44,148
DA:45,148
DA:46,148
DA:47,148
DA:48,148
DA:51,148
DA:52,148
DA:54,148
DA:55,148
DA:56,148
DA:57,148
DA:58,148
DA:59,148
DA:60,148
DA:61,148
DA:62,148
DA:63,148
DA:64,148
DA:65,148
DA:66,148
DA:67,148
FNF:1
FNH:1
LF:27
LH:26
BRF:0
BRH:0
end_of_record
TN:
SF:test/unit/PoolT41p_StakeOnBehalf.t.sol
DA:53,25
FN:53,StateT41_User2StakesToVault2_OperatorStakesOnBehalf.setUp
FNDA:25,StateT41_User2StakesToVault2_OperatorStakesOnBehalf.setUp
DA:54,0
DA:56,25
DA:58,25
DA:59,25
DA:60,25
DA:63,25
DA:64,25
DA:65,25
DA:68,25
DA:70,25
DA:71,25
DA:73,25
DA:74,25
DA:76,25
DA:77,25
DA:79,25
DA:80,25
DA:81,25
DA:84,25
DA:85,25
DA:87,25
DA:88,25
DA:89,25
DA:90,25
DA:91,25
DA:92,25
DA:93,25
DA:94,25
DA:95,25
DA:96,25
DA:97,25
DA:98,25
DA:99,25
DA:100,25
DA:667,15
FN:667,StateT46_CheckRewardsAccrued_AfterStakeOnBehalf.setUp
FNDA:15,StateT46_CheckRewardsAccrued_AfterStakeOnBehalf.setUp
DA:668,0
DA:670,15
DA:673,15
DA:674,15
DA:675,0
DA:677,15
DA:678,15
DA:679,15
DA:682,15
DA:683,15
DA:684,15
DA:686,15
DA:687,15
DA:688,15
FNF:2
FNH:2
LF:50
LH:47
BRF:0
BRH:0
end_of_record
TN:
SF:test/unit/PoolT46.t.sol
DA:33,93
FN:33,StateT46_BothVaultsFeesUpdated.setUp
FNDA:93,StateT46_BothVaultsFeesUpdated.setUp
DA:34,0
DA:36,93
DA:39,93
DA:40,93
DA:41,0
DA:43,93
DA:44,93
DA:45,93
DA:48,93
DA:49,93
DA:50,93
DA:52,93
DA:53,93
DA:54,93
DA:57,93
DA:58,93
DA:60,93
DA:61,93
DA:62,93
DA:63,93
DA:64,93
DA:65,93
DA:66,93
DA:67,93
DA:68,93
DA:69,93
DA:70,93
DA:71,93
DA:72,93
DA:73,93
FNF:1
FNH:1
LF:31
LH:29
BRF:0
BRH:0
end_of_record
TN:
SF:test/unit/PoolT46p_EndDistribution.t.sol
DA:44,13
FN:44,StateT46_EndDistribution.setUp
FNDA:13,StateT46_EndDistribution.setUp
DA:45,0
DA:48,13
DA:49,13
DA:50,13
DA:53,13
DA:54,13
DA:57,13
DA:58,13
DA:61,13
DA:62,13
DA:63,13
DA:65,13
DA:66,13
DA:67,13
DA:68,13
DA:71,13
DA:72,13
DA:75,13
DA:76,13
DA:77,13
DA:78,13
DA:80,13
DA:81,13
DA:83,13
DA:84,13
DA:86,13
DA:87,13
DA:89,13
DA:90,13
DA:92,13
DA:93,13
DA:95,13
DA:96,13
DA:99,13
DA:102,13
DA:103,13
DA:104,13
DA:106,13
DA:107,13
DA:108,13
DA:109,13
DA:112,13
DA:113,13
DA:115,13
DA:116,13
DA:117,13
DA:118,13
DA:119,13
DA:120,13
DA:121,13
DA:122,13
DA:123,13
DA:124,13
DA:125,13
DA:126,13
DA:127,13
DA:128,13
DA:131,13
DA:132,13
FNF:1
FNH:1
LF:60
LH:59
BRF:0
BRH:0
end_of_record
TN:
SF:test/unit/PoolT46p_MaintenanceMode.t.sol
DA:9,13
FN:9,StateT46p_MaintenanceMode.setUp
FNDA:13,StateT46p_MaintenanceMode.setUp
DA:10,0
DA:16,13
DA:18,13
DA:19,13
DA:20,13
DA:61,11
FN:61,StateT46p_MaintenanceMode_UpdateDistributions.setUp
FNDA:11,StateT46p_MaintenanceMode_UpdateDistributions.setUp
DA:62,0
DA:64,11
DA:65,11
DA:66,11
DA:125,10
FN:125,StateT46p_MaintenanceMode_VaultAccountsUpdated.setUp
FNDA:10,StateT46p_MaintenanceMode_VaultAccountsUpdated.setUp
DA:126,0
DA:128,10
DA:129,10
DA:130,10
DA:131,10
DA:132,10
DA:133,10
DA:136,10
DA:137,10
DA:139,10
DA:140,10
DA:141,10
DA:142,10
DA:143,10
DA:144,10
DA:145,10
DA:146,10
DA:147,10
DA:148,10
DA:149,10
DA:150,10
DA:151,10
DA:152,10
DA:315,6
FN:315,StateT46p_MaintenanceMode_NftMultiplierUpdated.setUp
FNDA:6,StateT46p_MaintenanceMode_NftMultiplierUpdated.setUp
DA:316,0
DA:318,6
DA:319,6
DA:321,6
DA:322,6
DA:323,6
DA:392,3
FN:392,StateT46p_MaintenanceMode_UpdateBoostedBalances.setUp
FNDA:3,StateT46p_MaintenanceMode_UpdateBoostedBalances.setUp
DA:393,0
DA:395,3
DA:396,3
DA:397,3
DA:399,3
DA:400,3
DA:401,3
DA:427,1
FN:427,StateT46p_MaintenanceMode_DisableMaintenance.setUp
FNDA:1,StateT46p_MaintenanceMode_DisableMaintenance.setUp
DA:428,0
DA:430,1
DA:431,1
DA:432,1
FNF:6
FNH:6
LF:55
LH:49
BRF:0
BRH:0
end_of_record
TN:
SF:test/unit/PoolT46p_UpdateMaximumFeeFactor.t.sol
DA:10,4
FN:10,StateT46p_UpdateMaximumFeeFactor.setUp
FNDA:4,StateT46p_UpdateMaximumFeeFactor.setUp
DA:11,0
DA:13,4
DA:16,4
DA:17,4
DA:18,4
DA:20,4
FNF:1
FNH:1
LF:7
LH:6
BRF:0
BRH:0
end_of_record
TN:
SF:test/unit/PoolT51.t.sol
DA:33,76
FN:33,StateT51_BothVaultsFeesUpdated.setUp
FNDA:76,StateT51_BothVaultsFeesUpdated.setUp
DA:34,0
DA:36,76
DA:39,76
DA:40,76
DA:41,0
DA:43,76
DA:44,76
DA:45,76
DA:48,0
DA:49,76
DA:50,76
DA:52,76
DA:53,76
DA:54,76
DA:57,76
DA:58,76
DA:60,76
DA:61,76
DA:63,76
DA:64,76
DA:65,76
DA:66,76
DA:68,76
DA:69,76
DA:70,76
DA:71,76
DA:72,76
DA:73,76
DA:74,76
DA:75,76
FNF:1
FNH:1
LF:31
LH:28
BRF:0
BRH:0
end_of_record
TN:
SF:test/unit/PoolT56.t.sol
DA:33,54
FN:33,StateT56_UsersClaimRewardsFromBothVaults.setUp
FNDA:54,StateT56_UsersClaimRewardsFromBothVaults.setUp
DA:34,0
DA:37,54
DA:40,54
DA:41,54
DA:43,54
DA:46,54
DA:47,54
DA:48,54
DA:49,54
DA:52,54
DA:53,54
DA:55,54
DA:56,54
DA:58,54
DA:59,54
DA:60,54
DA:61,54
DA:63,54
DA:64,54
DA:65,54
DA:66,54
DA:67,54
DA:68,54
DA:69,54
DA:70,54
FNF:1
FNH:1
LF:26
LH:25
BRF:0
BRH:0
end_of_record
TN:
SF:test/unit/PoolT56p_Risk.t.sol
DA:8,5
FN:8,StateT56p_Paused.setUp
FNDA:5,StateT56p_Paused.setUp
DA:9,0
DA:11,5
DA:13,5
DA:14,5
DA:15,5
DA:50,2
FN:50,StateT56p_Frozen.setUp
FNDA:2,StateT56p_Frozen.setUp
DA:51,0
DA:53,2
DA:54,2
DA:55,2
FNF:2
FNH:2
LF:11
LH:9
BRF:0
BRH:0
end_of_record
TN:
SF:test/unit/PoolT6.t.sol
DA:14,251
FN:14,StateT6_User2StakeAssetsToVault1.setUp
FNDA:251,StateT6_User2StakeAssetsToVault1.setUp
DA:15,0
DA:18,251
DA:20,251
DA:23,251
DA:24,251
DA:27,251
DA:28,251
DA:29,251
DA:30,251
DA:33,251
DA:34,251
DA:35,251
DA:36,251
DA:38,251
DA:41,251
DA:42,251
DA:43,251
DA:44,251
FNF:1
FNH:1
LF:19
LH:18
BRF:0
BRH:0
end_of_record
TN:
SF:test/unit/PoolT61.t.sol
DA:33,35
FN:33,StateT61_Vault2CooldownActivated.setUp
FNDA:35,StateT61_Vault2CooldownActivated.setUp
DA:34,0
DA:36,35
DA:38,35
DA:39,35
DA:40,35
DA:43,35
DA:44,35
DA:46,35
DA:47,35
DA:49,35
DA:50,35
DA:51,35
DA:52,35
DA:54,35
DA:55,35
DA:56,35
DA:57,35
DA:58,35
DA:59,35
DA:60,35
DA:61,35
FNF:1
FNH:1
LF:22
LH:21
BRF:0
BRH:0
end_of_record
TN:
SF:test/unit/PoolT61p_UpdateVaultCooldown.t.sol
DA:33,2
FN:33,StateT61_Vault2CooldownActivated_UpdatedCooldown.setUp
FNDA:2,StateT61_Vault2CooldownActivated_UpdatedCooldown.setUp
DA:34,0
DA:36,2
DA:38,2
DA:39,2
DA:40,2
DA:42,2
DA:43,2
DA:44,2
DA:47,2
DA:48,2
DA:50,2
DA:51,2
DA:53,2
DA:54,2
DA:55,2
DA:56,2
DA:58,2
DA:59,2
DA:60,2
DA:61,2
DA:62,2
DA:63,2
DA:64,2
DA:65,2
DA:84,1
FN:84,StateT61p_Vault2CooldownActivated_EndVaults.setUp
FNDA:1,StateT61p_Vault2CooldownActivated_EndVaults.setUp
DA:85,0
DA:87,1
DA:89,1
DA:90,1
DA:91,1
DA:92,1
DA:93,1
FNF:2
FNH:2
LF:33
LH:31
BRF:0
BRH:0
end_of_record
TN:
SF:test/unit/PoolT61p_UpdateVaultCooldownZero.t.sol
DA:33,3
FN:33,StateT61_Vault2CooldownActivated_UpdatedCooldown.setUp
FNDA:3,StateT61_Vault2CooldownActivated_UpdatedCooldown.setUp
DA:34,0
DA:36,3
DA:38,3
DA:39,3
DA:40,3
DA:43,3
DA:44,3
DA:46,3
DA:47,3
DA:49,3
DA:50,3
DA:51,3
DA:52,3
DA:54,3
DA:55,3
DA:56,3
DA:57,3
DA:58,3
DA:59,3
DA:60,3
DA:61,3
DA:123,2
FN:123,StateT61p_Vault2CooldownActivated_VaultIsRemovedImmediately.setUp
FNDA:2,StateT61p_Vault2CooldownActivated_VaultIsRemovedImmediately.setUp
DA:124,0
DA:128,2
DA:129,2
DA:130,2
FNF:2
FNH:2
LF:27
LH:25
BRF:0
BRH:0
end_of_record
TN:
SF:test/unit/PoolT6p_UpdateMinimumRp.t.sol
DA:8,2
FN:8,StateT6_User2StakeAssetsToVault1_LowerMinimumRp.setUp
FNDA:2,StateT6_User2StakeAssetsToVault1_LowerMinimumRp.setUp
DA:9,0
DA:12,2
DA:15,2
DA:16,2
DA:17,2
DA:18,2
DA:19,2
DA:84,2
FN:84,StateT6_User2StakeAssetsToVault1_HigherMinimumRp.setUp
FNDA:2,StateT6_User2StakeAssetsToVault1_HigherMinimumRp.setUp
DA:85,0
DA:88,2
DA:91,2
DA:92,2
DA:93,2
DA:94,2
DA:95,2
DA:98,2
DA:99,2
DA:100,2
DA:101,2
DA:102,2
DA:104,2
DA:105,2
FNF:2
FNH:2
LF:23
LH:21
BRF:0
BRH:0
end_of_record
TN:
SF:test/unit/PoolT86461.t.sol
DA:34,24
FN:34,StateT86461_Vault2Ended.setUp
FNDA:24,StateT86461_Vault2Ended.setUp
DA:35,0
DA:38,24
DA:41,24
DA:42,24
DA:44,24
DA:47,24
DA:48,24
DA:50,24
DA:51,24
DA:53,24
DA:54,24
DA:55,24
DA:56,24
DA:58,24
DA:59,24
DA:60,24
DA:61,24
DA:62,24
DA:63,24
DA:64,24
DA:65,24
FNF:1
FNH:1
LF:22
LH:21
BRF:0
BRH:0
end_of_record
TN:
SF:test/unit/PoolT86466.t.sol
DA:17,16
FN:17,StateT86466_User2UnstakedFromVault2.setUp
FNDA:16,StateT86466_User2UnstakedFromVault2.setUp
DA:18,0
DA:21,16
DA:24,16
DA:25,16
DA:26,16
DA:27,16
FNF:1
FNH:1
LF:7
LH:6
BRF:0
BRH:0
end_of_record
TN:
SF:test/unit/PoolT86471.t.sol
DA:7,11
FN:7,StateT86471_ContractEnded.setUp
FNDA:11,StateT86471_ContractEnded.setUp
DA:8,0
DA:11,11
DA:12,11
DA:13,11
DA:15,11
FNF:1
FNH:1
LF:6
LH:5
BRF:0
BRH:0
end_of_record
TN:
SF:test/unit/RewardsVaultV1.t.sol
DA:15,26
FN:15,StateDeploy.setUp
FNDA:26,StateDeploy.setUp
DA:16,0
DA:205,11
FN:205,StatePaused.setUp
FNDA:11,StatePaused.setUp
DA:206,0
DA:208,11
DA:209,11
DA:307,1
FN:307,StateUnpaused.setUp
FNDA:1,StateUnpaused.setUp
DA:308,0
DA:311,1
DA:312,1
FNF:3
FNH:3
LF:10
LH:7
BRF:0
BRH:0
end_of_record
TN:
SF:test/utils/TestingHarness.sol
DA:84,305
FN:84,TestingHarness.setUp
FNDA:305,TestingHarness.setUp
DA:86,305
DA:87,305
DA:90,305
DA:91,305
DA:94,305
DA:97,305
DA:99,305
DA:114,305
DA:117,305
DA:118,305
DA:119,305
DA:122,305
DA:123,305
DA:124,305
DA:126,305
DA:129,305
DA:131,1525
DA:133,305
DA:135,305
DA:137,1525
DA:139,305
DA:141,305
DA:143,1525
DA:145,305
DA:147,305
DA:150,305
DA:151,305
DA:152,305
DA:154,305
DA:155,305
DA:156,305
DA:159,995
FN:159,TestingHarness.generateSignature
FNDA:995,TestingHarness.generateSignature
DA:161,995
DA:173,995
DA:176,995
DA:179,995
DA:182,227
FN:182,TestingHarness.generateVaultId
FNDA:227,TestingHarness.generateVaultId
DA:183,227
DA:187,8599
FN:187,TestingHarness.getUserAccount
FNDA:8599,TestingHarness.getUserAccount
DA:188,8599
DA:199,8599
DA:201,8599
DA:216,4835
FN:216,TestingHarness.getVaultAccount
FNDA:4835,TestingHarness.getVaultAccount
DA:217,4835
DA:227,4835
DA:229,4835
DA:243,3034
FN:243,TestingHarness.getDistribution
FNDA:3034,TestingHarness.getDistribution
DA:244,3034
DA:254,3034
DA:256,3034
DA:269,86
FN:269,TestingHarness.calculateRewards
FNDA:86,TestingHarness.calculateRewards
DA:270,86
FNF:7
FNH:7
LF:53
LH:53
BRF:0
BRH:0
end_of_record
